<?xml version="1.0" encoding="UTF-8"?>
<!-- Generated by org.testng.reporters.JUnitReportReporter -->
<testsuite hostname="DESKTOP-03345I7" failures="0" tests="1" name="DemosDesignSelenium.TestingAlert" time="19.698" errors="0" timestamp="2023-08-25T21:22:07 BDT" skipped="0">
  <testcase classname="DemosDesignSelenium.TestingAlert" name="alertTest" time="19.698"/>
</testsuite> <!-- DemosDesignSelenium.TestingAlert -->
