<?xml version="1.0" encoding="UTF-8"?>
<!-- Generated by org.testng.reporters.JUnitReportReporter -->
<testsuite hostname="DESKTOP-03345I7" failures="0" tests="1" name="DemosDesignSelenium.AlertTesting" time="24.756" errors="0" timestamp="2023-08-25T21:21:17 BDT" skipped="0">
  <testcase classname="DemosDesignSelenium.AlertTesting" name="alertTest" time="24.756"/>
</testsuite> <!-- DemosDesignSelenium.AlertTesting -->
