<?xml version="1.0" encoding="UTF-8"?>
<!-- Generated by org.testng.reporters.JUnitReportReporter -->
<testsuite hostname="DESKTOP-03345I7" failures="0" tests="1" name="selenium.scrolling.scrollingDemo" time="14.851" errors="0" timestamp="2023-08-16T22:07:24 BDT" skipped="0">
  <testcase classname="selenium.scrolling.scrollingDemo" name="scrollToButtomOfThePage" time="14.851"/>
</testsuite> <!-- selenium.scrolling.scrollingDemo -->
