<?xml version="1.0" encoding="UTF-8"?>
<!-- Generated by org.testng.reporters.JUnitReportReporter -->
<testsuite hostname="DESKTOP-03345I7" failures="0" tests="1" name="DemosDesignSelenium.SelectOptions" time="9.959" errors="0" timestamp="2023-08-24T19:57:44 BDT" skipped="0">
  <testcase classname="DemosDesignSelenium.SelectOptions" name="dropDown" time="9.959"/>
</testsuite> <!-- DemosDesignSelenium.SelectOptions -->
