<?xml version="1.0" encoding="UTF-8"?>
<!-- Generated by org.testng.reporters.JUnitReportReporter -->
<testsuite hostname="DESKTOP-03345I7" failures="0" tests="1" name="root.AppTest" time="0.016" errors="0" timestamp="2023-08-10T18:32:04 BDT" skipped="0">
  <testcase classname="root.AppTest" name="test3" time="0.016"/>
</testsuite> <!-- root.AppTest -->
