<?xml version="1.0" encoding="UTF-8"?>
<!-- Generated by org.testng.reporters.JUnitReportReporter -->
<testsuite hostname="DESKTOP-03345I7" failures="0" tests="4" name="dataDesign.testing.SauceDemo" time="39.978" errors="0" timestamp="2023-08-13T23:59:55 BDT" skipped="0">
  <testcase classname="dataDesign.testing.SauceDemo" name="loginTest" time="14.491"/>
  <testcase classname="dataDesign.testing.SauceDemo" name="loginTest" time="8.031"/>
  <testcase classname="dataDesign.testing.SauceDemo" name="loginTest" time="8.251"/>
  <testcase classname="dataDesign.testing.SauceDemo" name="loginTest" time="9.205"/>
</testsuite> <!-- dataDesign.testing.SauceDemo -->
