<?xml version="1.0" encoding="UTF-8"?>
<!-- Generated by org.testng.reporters.JUnitReportReporter -->
<testsuite hostname="DESKTOP-03345I7" failures="0" tests="1" name="screenshotselenium.ScreenShotDemo" time="20.172" errors="0" timestamp="2023-08-16T23:08:40 BDT" skipped="0">
  <testcase classname="screenshotselenium.ScreenShotDemo" name="screenShotSingle" time="20.172"/>
</testsuite> <!-- screenshotselenium.ScreenShotDemo -->
