<?xml version="1.0" encoding="UTF-8"?>
<!-- Generated by org.testng.reporters.JUnitReportReporter -->
<testsuite hostname="DESKTOP-03345I7" failures="0" tests="3" name="params.MathUtils" time="0.034" errors="0" timestamp="2023-08-25T19:01:01 BDT" skipped="0">
  <testcase classname="params.MathUtils" name="addition" time="0.023"/>
  <testcase classname="params.MathUtils" name="subtraction" time="0.002"/>
  <testcase classname="params.MathUtils" name="subtraction" time="0.009"/>
</testsuite> <!-- params.MathUtils -->
