<?xml version="1.0" encoding="UTF-8"?>
<!-- Generated by org.testng.reporters.JUnitReportReporter -->
<testsuite hostname="DESKTOP-03345I7" failures="0" tests="1" name="sqa3.testing.SauceDemo" time="17.680" errors="0" timestamp="2023-08-12T23:14:28 BDT" skipped="0">
  <testcase classname="sqa3.testing.SauceDemo" name="loginTest2" time="17.680"/>
</testsuite> <!-- sqa3.testing.SauceDemo -->
