<?xml version="1.0" encoding="UTF-8"?>
<!-- Generated by org.testng.reporters.JUnitReportReporter -->
<testsuite hostname="DESKTOP-03345I7" failures="0" tests="1" name="DemosDesignSelenium.DragNDropDemo" time="14.220" errors="0" timestamp="2023-08-24T19:40:19 BDT" skipped="0">
  <testcase classname="DemosDesignSelenium.DragNDropDemo" name="dragNDrop" time="14.220"/>
</testsuite> <!-- DemosDesignSelenium.DragNDropDemo -->
