<?xml version="1.0" encoding="UTF-8"?>
<!-- Generated by org.testng.reporters.JUnitReportReporter -->
<testsuite hostname="DESKTOP-03345I7" failures="0" tests="1" name="screenshotselenium.scrren" time="8.423" errors="0" timestamp="2023-08-16T23:13:27 BDT" skipped="0">
  <testcase classname="screenshotselenium.scrren" name="screenShotSingle" time="8.423"/>
</testsuite> <!-- screenshotselenium.scrren -->
